<?xml version="1.0" encoding="UTF-8"?>
<!-- Generated by org.testng.reporters.JUnitReportReporter -->
<testsuite hostname="LAPTOP-OEO62HDM" failures="0" tests="1" name="test.Test2" time="1.218" errors="0" timestamp="2022-12-05T11:14:44 IST" skipped="0">
  <testcase classname="test.Test2" name="test2" time="1.218"/>
  <system-out/>
</testsuite> <!-- test.Test2 -->
