<?xml version="1.0" encoding="UTF-8"?>
<!-- Generated by org.testng.reporters.JUnitReportReporter -->
<testsuite hostname="LAPTOP-OEO62HDM" failures="0" tests="2" name="test.TestsTrial" time="3.019" errors="0" timestamp="2022-12-04T20:58:02 IST" skipped="0">
  <testcase classname="test.TestsTrial" name="test_2" time="1.065"/>
  <system-out/>
  <testcase classname="test.TestsTrial" name="test_1" time="1.954"/>
  <system-out/>
</testsuite> <!-- test.TestsTrial -->
